[    0.000000] Linux version 4.15.0-43-generic (buildd@lgw01-amd64-001) (gcc version 7.3.0 (Ubuntu 7.3.0-16ubuntu3)) #46-Ubuntu SMPThu Dec 6 14:45:28 UTC 2018 (Ubuntu 4.15.0-43.46-generic 4.15.18)
[    0.000000] Command line: BOOT_IMAGE=/bootmlinuz-45.0-43-generic root=LABEL=cloudimg-rootfs ro console=tty1 conle=ttyS0
[    0.000000] KERNEL supported cpus:
[    0.000000]   Intel GenuineIntel    0.000000]   AMD AuthenticAMD
   0.000000]   Centaur CentrHuls
[  0.000000] x86/fpu: Supporting XSAVE feature 0x001: 'x87 floating point registers'
[    0.000000] x86/fpu: Supporting XSAVE feature 0x002: 'SSE registers'
[    0.000000] x86/fpu: Supporting XSAVE feature 0x004: 'AVX registers'
[    0.000000] x86/fpu: xstate_offset[2]:  576, xstate_sizes[2]:  256
[    0.000000] x86/fpu: Enabled xstate features 0x7, context size is 832 bytes, using 'standard' format.
[    0.000000] e820: BIOS-provided physical RAM map:
[    0.000000] BIOS-e820: [mem 0x0000000000000000-0x000000000009fbff] usable
[    0.000000] BIOS-e820: [mem 0x000000000009fc00-0x000000000009ffff] reserved
[    0.000000] BIOS-e820: [em 0x00000000000f0000-0x00000000000fffff] reserved
[    0.000000] BIOS-e820: [mem 0x0000000000100000-0x000000003ffeffff] usable
[    0.000000] BIOS-e820: [mem 0x000000003fff0000-0x000000003fffffff] ACPI data
[    0.000000] BIOS-e820: [mem 0x00000000fec00000-000000000fec00fff] reserved
[    0.000000] BIOS-e820: [mem 0x00000000fee00000-0x00000000fee00fff] reserved
[    0.000000] BIOS-e820: [mem 0x00000000fffc0000-0x0000000ffffffff] reserved
[    0.000000] NX (Execute Disable) protection: active
[    0.000000] SMBIOS 2.5 present.
[    0.000000]MI: innotek GmbH VirtualBox/ViralBox, BIOS VirtualBox 12/01/2006
[    0.000000] Hypervisor detected: KVM
[    0.000000] e820: last_pfn = 0x3fff0 max_ah_pfn = 0x400000000
[  0.000000] MTRR: Dsable
[    0.00000] x86/PAT:MTRRs disabled, ipping PAT initialization too.
[  0.000000] CPU MTRRs alblank - virtuazed system.
[    0.000000] x86/PAT: Configuration [0-7]: WB  WT  UC- UC  WB  WT  UC- UC  
[    0.000000] found SMP MP-table at [mem 0x0009fff0-0x0009ffff] mapped at [        (ptrval)]
[  0.0000] canning 1 res for low memory corruption
[    0.000000] RAMDISK: [mem 0x359c9000-0x36cdbfff]
[    0.000000] ACPI: Early table checksum verification disabled
[    0.000000] ACPI: RSDP 0x00000000000E0000 000024 (v02 VOX  )
[    0.000000] ACPI: XSDT 0x000000003FFF0030 00003C (v01 VBOX   VBOXXSDT 00000001 ASL  00000061)
[    0.000000] ACPI: FACP 0x000000003FFF00F0 0000F4 (v04 VBOX   VBOXFACP 00000001 ASL  00000061)
[    0.000000] ACPI: DSDT 0x000000003FFF0470021FF (v02 VOX VBOXBIOS 0000000INTL 20100528)
[   0.000000] ACPI: FACS 0x000000003FFF0200 000040
[    0.000000] ACPI: FACS 0x000000003FFF0200 000040
[    0.000000] ACPI: APIC 0x000000003FFF0240 00005C (v02 VBOX   VBOXAPIC 00000001 ASL  00000061)
[    0.000000] ACPI: SSDT 0x000000003FFF02A0 0001CC (v01 VBOX   VBOXCPUT 00000002 INTL 20100528)
[    0.000000] No NUMA configuration found
[    0.000000] Faking a node at [mem 0x0000000000000000-0x000000003ffeffff]
[    0.000000] NODE_DATA(0) allocated [mem 0x3ffc5000-0x3ffeffff]
[    0.000000] kvm-clock: cpu 0, msr 0:3ff44001, primary cpu clock
[    0.000000] kvm-clock: Using msrs 4b564d01 and 4b564d00
[    0.000000] kvm-clock: using sched offset of 5093443305 cycles
[    0.000000] clocksource: kvm-clock: mask: 0xffffffffffffffff max_cycles: 0x1cd42e4dffb, max_idle_ns: 881590591483 ns
[    0.000000] Zone ranges:
[    0.000000]   DMA      [mem 0x0000000000001000-0x0000000000ffffff]
[    0.000000]   DMA32    [mem 0x0000000001000000-0x000000003ffeffff]
[    0.00000]   Normal   empty
[    0.000000]   Device   empty
[    0.000000] Movable zone start for each node
[    0.000000] Early memory node ranges
[    0.000000]   node   0: [mem 0x0000000000001000-0x000000000009efff]
[    0.000000]]   node   0: [mem 0x0000000000100000-0x000000003ffeffff]
[    0.000000] Initmem setup node 0 [mem 0x0000000000001000-0x000000003ffeffff]
[    0.000000] Reserved but unavailable: 98 pages
[    0.000000] ACPI: PM-Timer IO Port: 0x4008
[    0.000000] IOAPIC[0]: apic_id 2, version 32, address 0xfec00000GSII 0-23
[    0.000000] ACPI:NT_SRC_OVR (bus 0 usirq 0 global_irq 2 dfl dfl)
[    0.000000] ACPI: INT_SRC_OVR (bus 0 bus_irq 9 global_irq 9 low level)
[    0.000000] Using ACPI (MADT) for SMP configuration informio
[  0.000000] smbo: Allowing 2 CPUs, 0 hotplug CPUs
[    0.000000] PM: Registered nosave mory: [mem 0x000000000x0000fff]
   0.000000] PM: Registered nosave memory: [mem 0x0009f000-0x0009ffff]
[    0.000000] PM: Registered nosave memory: [mem 0x000a0000-0x000effff]
[    0.000000] PM: Registered nosave memory: [mem 0x000f0000-0x000fffff]
[    0.000000] e820: [mem 0x40000000-0xfebfffff] available for PCI devices
[    0.000000] ooing parirualized rnel on KVM
[   00000] clockurce: refined-jiffies: mask: 0xffffffff max_cycles: 0xffffffff, max_idle_ns: 7645519600211568 ns
[  0.000000] random: get_random_bytes called from start_kernel+0x99/0x4fd with crng_init=0
[    0.000000] setup_percpu: NR_CPUS:8192 nr_cpumask_bits:2 nr_cpu_ids:2 nr_node_ids:1
[    0.000000] percpu: Embedded 46 pages/cpu @        (ptrval) s151552 r8192 d28672 u1048576
[    0.000000] PV qspinlock hash table entries: 256 (order: 0, 4096 bytes)
[    0.000000] Built 1 zonelists, mobility grouping on.  Total pages: 257913
[    0.000000] Policy zne DMA32
[    0.0000 Kernel command line:BOT_IMAGE=/boot/vmlinuz-4.15.0-43-generic root=LABEL=cloudimg-rootfs ro console=tty1 console=ttyS0
[    0.000000] Memory: 983052K/1048120K available (12300K kernel code, 2472K rwdata, 4252K rodata, 2408K init, 2416K bss, 65068K reserved, 0K cma-reserved)
[    0.000000] SLUB: HWalign=64, Order=0-3, MinObjects=0, CPUs=2, Nodes=1
[    0.000000] Kernel/User page tables isolation: enabled
[    0.000000] ftrace: allocating 39186 entries in 154 pages
[    0.004000] Hierarchical RCU implementation.
[    0.004000] 	RCU restricting CPUs from NR_CPUS=8192 to nr_cpu_ids=2.
[    0.004000] 	Tasks RCU enabled.
[    0.004000] RCU: Adjusting geometry fr rcu_fanout_leaf=16, nr_cpu_idds=2
[    0.004000] NR_IRQS: 524544, nr_irqs: 440, preallocated irqs: 16
[    0.004000] Console: colour VGA+ 80x25
[    0.004000] console [tty1] enabled
[    0.004000] console [ttyS0] enabled
[    0.004000] ACPI: Core revision 20170831
[    0.004000] ACPI: 2 ACPI AML abes succesuly acquird nd loaded[    0.004000] APIC: Switch to symmetric I/O mode setup
[    0.004230] x2apic enabled
[    0.005272] Switched APIC routing to physical x2apic.
[    0.008888] ..TIMER: vector=0x30 apic1=0 pin1=2 apic2=-1 pin2=-1
[    0.012002] tsc: Detected 2304.000 MHz processor
[    0.013390] Calibrating delay loop (skipped) preset value.. 4608.00 BogoMIPS (lpj=9216000)
[    0.016007] pid_max: default: 32768 minimum: 301
[    0.020044] Security Framework initialized
[    0.024008] Yama: becoming mindful.
[    0.025125] AppArmor: AppArmor initialized
[    0.028032] Dentry cache hash table entries: 131072 (order: 8, 1048576 bytes)
[    0.032062] Inode-cache hash table entries: 65536 (order: 7, 524288 bytes)
[    0.036021] Mount-cache hash table entries: 2048 (order: 2, 16384 bytes)
[    0.037997] Mountpoint-cache hash table entries: 2048 (order: 2, 16384 bytes)
[    0.040211] mce: CPU supports 0 MCE banks
[    0.044018] Last level iTLB entries: 4KB 64, 2MB 8, 4MB 8
[    0.048002] Last level dTLB entries: 4KB 64, 2MB 0, 4MB 0, 1GB 4
[    0.052003] Spectre V2 : Mitigation: Full generic retpoline
[    0.053657] Spectre V2 : Spectre v2 / SpectreRSB mitigation: Filling RSB on context switch
[    0.056001] Speculative Store Bypass: Vulnerable
[    0.057467] Freeing SMP alternatives memory: 36K
[    0.064000] smpboot: CPU0: Intel(R) Core(TM) i5-7360U CPU @ 2.30GHz (family: 0x6, model: 0x8e, stepping: 0x9)
[    0.064082] Performance Events: unsupported p6 CPU model 142 no PMU driver, software events only.
[    0.068063] Hierarchical SRCU implementation.
[    0.069907] NMI watchdog: Perf event create on CPU 0 failed with -2
[    0.072005] NMI watchdog: Perf NMI watchdog permanently disabled
[    0.076061] smp: Bringing up secondary CPUs ...
[    0.077243] x86: Booting SMP configuration:
[    0.078262] .... node  #0, CPUs:      #1
[    0.004000] kvm-clock: cpu 1, msr 0:3ff44041, secondary cpu clock
[    0.004000] mce: CPU supports 0 MCE banks
[    0.088018] smp: Brought up 1 node, 2 CPUs
[    0.092005] smpboot: Max logical packages: 1
[    0.096006] smpboot: Total of 2 processors activated (9216.00 BogoMIPS)
[    0.100153] devtmpfs: initialized
[    0.104064] x86/mm: Memory block size: 128MB
[    0.108133] evm: security.selinux
[    0.112008] evm: security.SMACK64
[    0.116003] evm: security.SMACK64EXEC
[    0.120002] evm: security.SMACK64TRANSMUTE
[    0.124004] evm: security.SMACK64MMAP
[    0.125151] evm: security.apparmor
[    0.126199] evm: security.ima
[    0.128002] evm: security.capability
[    0.132106] clocksource: jiffies: mask: 0xffffffff max_cycles: 0xffffffff, max_idle_ns: 7645041785100000 ns
[    0.136014] futex hash table entries: 512 (order: 3, 32768 bytes)
[    0.140077] pinctrl core: initialized pinctrl subsystem
[    0.145419] RTC time: 15:15:51, date: 02/11/19
[    0.148185] NET: Registered protocol family 16
[    0.149593] audit: initializing netlink subsys (disabled)
[    0.152042] audit: type=2000 audit(1549898154.619:1): state=initialized audit_enabled=0 res=1
[    0.200012] cpuidle: using governor ladder
[    0.201016] cpuidle: using governor menu
[    0.202005] ACPI: bus type PCI registered
[    0.202972] acpiphp: ACPI Hot Plug PCI Controller Driver version: 0.5
[    0.204119] PCI: Using configuration type 1 for base access
[    0.205442] HugeTLB registered 2.00 MiB page size, pre-allocated 0 pages
[    0.208086] ACPI: Added _OSI(Module Device)
[    0.212009] ACPI: Added _OSI(Processor Device)
[    0.216007] ACPI: Added _OSI(3.0 _SCP Extensions)
[    0.220004] ACPI: Added _OSI(Processor Aggregator Device)
[    0.224009] ACPI: Added _OSI(Linux-Dell-Video)
[    0.225870] ACPI: Added _OSI(Linux-Lenovo-NV-HDMI-Audio)
[    0.228824] ACPI: Executed 1 blocks of module-level executable AML code
[    0.243263] ACPI: Interpreter enabled
[    0.244049] ACPI: (supports S0 S5)
[    0.245731] ACPI: Using IOAPIC for interrupt routing
[    0.248499] PCI: Using host bridge windows from ACPI; if necessary, use "pci=nocrs" and report a bug
[    0.252501] ACPI: Enabled 2 GPEs in block 00 to 07
[    0.265054] ACPI: PCI Root Bridge [PCI0] (domain 0000 [bus 00-ff])
[    0.268021] acpi PNP0A03:00: _OSC: OS supports [ASPM ClockPM Segments MSI]
[    0.272045] acpi PNP0A03:00: _OSC: not requesting OS control; OS requires [ExtendedConfig ASPM ClockPM MSI]
[    0.276022] acpi PNP0A03:00: fail to add MMCONFIG information, can't access extended PCI configuration space under this bridge.
[    0.280491] PCI host bridge to bus 0000:00
[    0.284004] pci_bus 0000:00: root bus resource [io  0x0000-0x0cf7 window]
[    0.288007] pci_bus 0000:00: root bus resource [io  0x0d00-0xffff window]
[    0.290020] pci_bus 0000:00: root bus resource [mem 0x000a0000-0x000bffff window]
[    0.292004] pci_bus 0000:00: root bus resource [mem 0x40000000-0xfdffffff window]
[    0.296004] pci_bus 0000:00: root bus resource [bus 00-ff]
[    0.302818] pci 0000:00:01.1: legacy IDE quirk: reg 0x10: [io  0x01f0-0x01f7]
[    0.304002] pci 0000:00:01.1: legacy IDE quirk: reg 0x14: [io  0x03f6]
[    0.305905] pci 0000:00:01.1: legacy IDE quirk: reg 0x18: [io  0x0170-0x0177]
[    0.308003] pci 0000:00:01.1: legacy IDE quirk: reg 0x1c: [io  0x0376]
[    0.326896] pci 0000:00:07.0: quirk: [io  0x4000-0x403f] claimed by PIIX4 ACPI
[    0.328057] pci 0000:00:07.0: quirk: [io  0x4100-0x410f] claimed by PIIX4 SMB
[    0.344011] ACPI: PCI Interrupt Link [LNKA] (IRQs 5 9 10 *11)
[    0.348308] ACPI: PCI Interrupt Link [LNKB] (IRQs 5 9 *10 11)
[    0.356092] ACPI: PCI Interrupt Link [LNKC] (IRQs 5 *9 10 11)
[    0.360146] ACPI: PCI Interrupt Link [LNKD] (IRQs 5 9 10 *11)
[    0.364487] SCSI subsystem initialized
[    0.365705] pci 0000:00:02.0: vgaarb: setting as boot VGA device
[    0.368000] pci 0000:00:02.0: vgaarb: VGA device added: decodes=io+mem,owns=io+mem,locks=none
[    0.368011] pci 0000:00:02.0: vgaarb: bridge control possible
[    0.372007] vgaarb: loaded
[    0.376058] ACPI: bus type USB registered
[    0.380028] usbcore: registered new interface driver usbfs
[    0.384019] usbcore: registered new interface driver hub
[    0.385627] usbcore: registered new device driver usb
[    0.388069] EDAC MC: Ver: 3.0.0
[    0.392363] PCI: Using ACPI for IRQ routing
[    0.396451] NetLabel: Initializing
[    0.400002] NetLabel:  domain hash size = 128
[    0.404004] NetLabel:  protocols = UNLABELED CIPSOv4 CALIPSO
[    0.405625] NetLabel:  unlabeled traffic allowed by default
[    0.408100] clocksource: Switched to clocksource kvm-clock
[    0.420867] VFS: Disk quotas dquot_6.6.0
[    0.422157] VFS: Dquot-cachha table entries: 512 (order 0, 4096 bytes)
[    0.514882] AppArmor: AppArmor Filesystem Enabled
[    0.516350] pnp: PnP ACPI init
[  0183]npPnAC: found 3 devices

[    0.832618] clocksource: acpi_pm: mask: 0xffffff max_cycles: 0xffffff, max_idle_ns: 2085701024 ns
[    0.835372] NET: Registered protocol family 2
[    0.838301] TCP established hash table entries: 8192 (order: 4, 65536 bytes)
[    0.840727] TCP bind hash table entries: 8192 (order: 5, 131072 btes)
[    0.902313] TCP: Hash tables configured (established 19bi 82)
[  1817]DPash table entries: 512 (order: 2, 164 te
  1.35] DPitha tlentes: 51(order: 2, 16384 bytes)

[    1.904394] NET: Registered protocol family 1
[    1.905481] pci 0000:00:00.0: Limiting direct PCI/PCI transfers
[    1.906898] pci 0000:00:01.0: Activating ISA DMA hang workarounds
[    1.908422] pci 0000:0:02.0: Video device with shadowed ROM at [mem 0x000c0000-0x000dffff]
[    1.932857] Unpacking initramfs...

[    2.211523] Freeing initrd memory: 19532K
[    2.226196] platform rtc_cmos: registered platform RTC device (no PNP device found)
[    2.228528] Scanning for low memory corruption every 60 seconds
[    2.303420] Initialise system trusted keyrings
[    2.322586] Key type blacklist registered
[    2.370128] workingset: timestamp_bits=36 max_order=18 bucket_order=0
[    2.384000] zbud: loaded
[    2.408632] squashfs: version 4.0 (2009/01/31) Phillip Lougher
[    2.417253] fuse init (API version 7.26)
[    2.460081] Key type asymmetric registered
[    2.461076] Asymmetric key parser 'x509' registered
[    2.462257] Block layer SCSI generic (bsg) driver version 0.4 loaded (major 246)
[    2.464281] io scheduler noop registered
[    2.465253] io scheduler deadline registered
[    2.466305] io scheduler cfq registered (default)
[    2.467874] ACPI: AC Adapter [AC] (off-line)
[    2.475058] input: Power Button as /devices/LNXSYSTM:00/LNXPWRBN:00/input/input0
[    2.502368] ACPI: Power Button [PWRF]
[    2.534126] input: Sleep Button as /devices/LNXSYSTM:00/LNXSLPBN:00/input/input1
[    2.586255] ACPI: Sleep Button [SLPF]
[    2.587848] Serial: 8250/16550 driver, 32 ports, IRQ sharing enabled
[    2.589071] ACPI: Battery Slot [BAT0] (battery present)
[    2.655739] 00:02: ttyS0 at I/O 0x3f8 (irq = 4, base_baud = 115200) is a 16550A
[    2.698169] Linux agpgart interface v0.103
[    2.702043] loop: module loaded
[    2.703451] scsi host0: ata_piix
[    2.704459] scsi host1: ata_piix
[    2.705282] ata1: PATA max UDMA/33 cmd 0x1f0 ctl 0x3f6 bmdma 0xd000 irq 14
[    2.706867] ata2: PATA max UDMA/33 cmd 0x170 ctl 0x376 bmdma 0xd008 irq 15
[    2.708638] libphy: Fixed MDIO Bus: probed
[    2.709682] tun: Universal TUN/TAP device driver, 1.6
[    2.711258] PPP generic driver version 2.4.2
[    2.759914] ehci_hcd: USB 2.0 'Enhanced' Host Controller (EHCI) Driver
[    2.775399] ehci-pci: EHCI PCI platform driver
[    2.829344] ehci-platform: EHCI generic platform driver
[    2.839586] ohci_hcd: USB 1.1 'Open' Host Controller (OHCI) Driver
[    2.851509] ohci-pci: OHCI PCI platform driver
[    2.874526] ohci-platform: OHCI generic platform driver
[    2.912523] uhci_hcd: USB Universal Host Controller Interface driver
[    2.952068] i8042: PNP: PS/2 Controller [PNP0303:PS2K,PNP0f03:PS2M] at 0x60,0x64 irq 1,12
[    2.999919] serio: i8042 KBD port at 0x60,0x64 irq 1
[    3.002784serio: i8042 AUX port at 0x60,0x64 irq 12

[    3.056661] mousedev: PS/2 mouse device common for all mice
[    3.060773] input: AT Translated Set 2 keyboard as /devices/platform/i8042/serio0/input/input2
[    3.068117] rtc_cmos rtc_cmos: rtc core: registered rtc_cmos as rtc0
[    3.068182] rtc_cmos rtc_cmos: alarms up to one day, 114 bytes nvram
[    3.068193] i2c /dev entries driver
[    3.068203] pcie_mp2_amd: AMD(R) PCI-E MP2 Communication Driver Version: 1.0
[    3.068305] device-mapper: uevent: version 1.0.3
[    3.068369] device-mapper: ioctl: 4.37.0-ioctl (2017-09-20) initialised: dm-devel@redhat.com
[    3.114903] ledtrig-cpu: registered to indicate activity on CPUs
[    3.233470] tsc: Refined TSC clocksource calibration: 2302.466 MHz
[    3.233476] clocksource: tsc: mask: 0xffffffffffffffff max_cycles: 0x21304eb251b, max_idle_ns: 440795225395 ns
[    3.400612] NET: Registered protocol family 10
[    3.457858] Segment Routing with IPv6
[    3.529456] NET: Registered protocol family 17
[    3.613165] Key type dns_resolver registered
[    3.680506] RAS: Correctable Errors collector initialized.
[    3.769724] sched_clock: Marking stable (3769700607, 0)->(7807633488, -4037932881)
[    3.802010] registered taskstats version 1
[    3.803289] Loading compiled-in X.509 certificates
[    3.806824] Loaded X.509 cert 'Build time autogenerated kernel key: 6afcca3ddc80072aeae87585a7fdb65d40603f58'
[    4.060077] zswap: loaded using pool lzo/zbud
[    4.115488] Key type big_key registered
[    4.118746] Key type trusted registered
[    4.121472] Key type encrypted registered
[    4.122730] AppArmor: AppArmor sha1 policy hashing enabled
[    4.124424] ima: No TPM chip found, activating TPM-bypass! (rc=-19)
[    4.126302] ima: Allocated hash algorithm: sha1
[    4.127698] evm: HMAC attrs: 0x1
[    4.129132]   Magic number: 7:112:285
[    4.130373] rtc_cmos rtc_cmos: setting system clock to 2019-02-11 15:15:56 UTC (1549898156)
[    4.141007] BIOS EDD facility v0.16 2004-Jun-25, 0 devices found
[    4.143944] EDD information not available.
[    4.150538] Freeing unused kernel memory: 2408K
[    4.168149] Write protecting the kernel read-only data: 20480k
[    4.172202] Freeing unused kernel memory: 2008K
[    4.179540] Freeing unused kernel memory: 1892K
[    4.190215] x86/mm: Checked W+X mappings: passed, no W+X pages found.
[    4.216060] x86/mm: Checking user space page tables
[    4.368256] x86/mm: Checked W+X mappings: passed, no W+X pages found.
Loading, please wait...
starting version 237
[    4.525186] e1000: Intel(R) PRO/1000 Network Driver - version 7.3.21-k8-NAPI
[    4.527338] e1000: Copyright (c) 1999-2006 Intel Corporation.
[    4.529230] Fusion MPT base driver 3.04.20
[    4.530234] Copyright (c) 1999-2008 LSI Corporation
[    4.543933] AVX2 version of gcm_enc/dec engaged.
[    4.545207] AES CTR mode by8 optimization enabled
[    4.546656] vboxvideo: loading out-of-tree module taints kernel.
[    4.548597] vboxvideo: module verification failed: signature and/or required key missing - tainting kernel
[    4.554408] Fusion MPT SPI Host driver 3.04.20
[    4.744171] input: ImExPS/2 Generic Explorer Mouse as /devices/platform/i8042/serio1/input/input4
[    4.964720] e1000 0000:00:03.0 eth0: (PCI:33MHz:32-bit) 02:62:7a:79:f6:ca
[    5.053545] e1000 0000:00:03.0 eth0: Intel(R) PRO/1000 Network Connection
[    5.254255] [drm] VRAM 01000000
[    5.257612] [TTM] Zone  kernel: Available graphics memory: 504464 kiB
[    5.262057] [TTM] Initializing pool allocator
[    5.264203] [TTM] Initializing DMA pool allocator
[    5.269422] fbcon: vboxdrmfb (fb0) is primary device
[    5.271981] Console: switching to colour frame buffer device 100x37
[    5.287603] vboxvideo 0000:00:02.0: fb0: vboxdrmfb frame buffer device
[    5.319148] [drm] Initialized vboxvideo 1.0.0 20130823 for 0000:00:02.0 on minor 0
[    5.989799] mptbase: ioc0: Initiating bringup
[    6.820094] ioc0: LSI53C1030 A0: Capabilities={Initiator}
[    8.764533] scsi host2: ioc0: LSI53C1030 A0, FwRev=00000000h, Ports=1, MaxQ=256, IRQ=20
[    9.930612] scsi 2:0:0:0: Direct-Access     VBOX     HARDDISK         1.0  PQ: 0 ANSI: 5
[   10.108119] scsi target2:0:0: Beginning Domain Validation
[   10.110898] scsi target2:0:0: Domain Validation skipping write tests
[   10.112636] scsi target2:0:0: Ending Domain Validation
[   10.114193] scsi target2:0:0: asynchronous
[   10.115692] scsi 2:0:1:0: Direct-Access     VBOX     HARDDISK         1.0  PQ: 0 ANSI: 5
[   10.316394] scsi target2:0:1: Beginning Domain Validation
[   10.333418] random: fast init done
[   10.335577] scsi target2:0:1: Domain Validation skipping write tests
[   10.337074] scsi target2:0:1: Ending Domain Validation
[   10.338342] scsi target2:0:1: asynchronous
[   10.343787] e1000 0000:00:08.0 eth1: (PCI:33MHz:32-bit) 08:00:27:87:a0:ae
[   10.343810] random: systemd-udevd: uninitialized urandom read (16 bytes read)
[   10.343824] random: systemd-udevd: uninitialized urandom read (16 bytes read)
[   10.343826] random: systemd-udevd: uninitialized urandom read (16 bytes read)
[   10.345155] sd 2:0:0:0: [sda] 20971520 512-byte logical blocks: (10.7 GB/10.0 GiB)
[   10.345170] sd 2:0:0:0: Attached scsi generic sg0 type 0
[   10.345531] sd 2:0:1:0: Attached scsi generic sg1 type 0
[   10.346843] sd 2:0:0:0: [sda] Write Protect is off
[   10.346929] sd 2:0:0:0: [sda] Incomplete mode parameter data
[   10.346929] sd 2:0:0:0: [sda] Assuming drive cache: write through
[   10.346994] sd 2:0:1:0: [sdb] 20480 512-byte logical blocks: (10.5 MB/10.0 MiB)
[   10.347272] sd 2:0:1:0: [sdb] Write Protect is off
[   10.347344] sd 2:0:1:0: [sdb] Incomplete mode parameter data
[   10.347345] sd 2:0:1:0: [sdb] Assuming drive cache: write through
[   10.348108]  sda: sda1
[   10.348720] sd 2:0:0:0: [sda] Attached SCSI disk
[   10.350500] sd 2:0:1:0: [sdb] Attached SCSI disk
[   10.478402] e1000 0000:00:08.0 eth1: Intel(R) PRO/1000 Network Connection
[   10.499531] e1000 0000:00:08.0 enp0s8: renamed from eth1
[   10.516517] e1000 0000:00:03.0 enp0s3: renamed from eth0
Begin: Loading essential drivers ... [   10.688111] raid6: sse2x1   gen() 12268 MB/s
[   10.752072] raid6: sse2x1   xor()  4510 MB/s
[   10.800128] raid6: sse2x2   gen() 11128 MB/s
[   10.927883] raid6: sse2x2   xor() 10003 MB/s
[   10.984268] raid6: sse2x4   gen() 17402 MB/s
[   11.116570] raid6: sse2x4   xor() 10937 MB/s
[   11.166462] raid6: avx2x1   gen() 25957 MB/s
[   11.220013] raid6: avx2x1   xor() 17120 MB/s
[   11.308926] raid6: avx2x2   gen() 30119 MB/s
[   11.432299] raid6: avx2x2   xor() 18658 MB/s
[   11.488024] raid6: avx2x4   gen() 33701 MB/s
[   11.588540] raid6: avx2x4   xor() 22886 MB/s
[   11.669499] raid6: using algorithm avx2x4 gen() 33701 MB/s
[   11.786526] raid6: .... xor() 22886 MB/s, rmw enabled
[   11.810530] raid6: using avx2x2 recovery algorithm
[   11.813680] xor: automatically using best checksumming function   avx       
[   11.825205] async_tx: api initialized (async)
done.
Begin: Running /scripts/init-premount ... done.
Begin: Mounting root file system ... Begin: Running /scripts/local-top ... done.
Begin: Running /scripts/local-premount ... [   11.898354] Btrfs loaded, crc32c=crc32c-intel
Scanning for Btrfs filesystems
done.
Warning: fsck not present, so skipping root file system
[   11.966551] EXT4-fs (sda1): mounted filesystem with ordered data mode. Opts: (null)
done.
Begin: Running /scripts/local-bottom ... done.
Begin: Running /scripts/init-bottom ... done.
[   12.381477] ip_tables: (C) 2000-2006 Netfilter Core Team
[   12.441181] systemd[1]: systemd 237 running in system mode. (+PAM +AUDIT +SELINUX +IMA +APPARMOR +SMACK +SYSVINIT +UTMP +LIBCRYPTSETUP +GCRYPT +GNUTLS +ACL +XZ +LZ4 +SECCOMP +BLKID +ELFUTILS +KMOD -IDN2 +IDN -PCRE2 default-hierarchy=hybrid)
[   12.446755] systemd[1]: Detected virtualization oracle.
[   12.448532] systemd[1]: Detected architecture x86-64.

Welcome to [1mUbuntu 18.04.1 LTS[0m!

[   12.475051] systemd[1]: Set hostname to <ubuntu-bionic>.
[   14.145572] systemd[1]: Created slice System Slice.
[[0;32m  OK  [0m] Created slice System Slice.
[   14.288830] systemd[1]: Created slice system-serial\x2dgetty.slice.
[[0;32m  OK  [0m] Created slice system-serial\x2dgetty.slice.
[   14.295271] systemd[1]: Reached target Swap.
[[0;32m  OK  [0m] Reached target Swap.
[   14.299395] systemd[1]: Listening on Network Service Netlink Socket.
[[0;32m  OK  [0m] Listening on Network Service Netlink Socket.
[   14.307641] systemd[1]: Set up automount Arbitrary Executable File Formats File System Automount Point.
[[0;32m  OK  [0m] Set up automount Arbitrary Executab…rmats File System Automount Point.
[   14.505117] systemd[1]: Listening on Journal Socket.
[[0;32m  OK  [0m] Listening on Journal Socket.
         Starting Uncomplicated firewall...
         Starting Create list of required st…ce nodes for the current kernel...
[[0;32m  OK  [0m] Listening on /dev/initctl Compatibility Named Pipe.
[[0;32m  OK  [0m] Reached target User and Group Name Lookups.
[[0;32m  OK  [0m] Listening on Syslog Socket.
         Starting Set the console keyboard layout...
[[0;32m  OK  [0m] Listening on LVM2 poll daemon socket.
         Starting Remount Root and Kernel File Systems...
[   14.843549] EXT4-fs (sda1): re-mounted. Opts: (null)
         Mounting Kernel Debug File System...
[   14.926170] random: crng init done
[   14.927354] random: 7 urandom warning(s) missed due to ratelimiting
[[0;32m  OK  [0m] Listening on udev Kernel Socket.
[[0;32m  OK  [0m] Started Forward Password Requests to Wall Directory Watch.
[[0;32m  OK  [0m] Created slice User and Session Slice.
[[0;32m  OK  [0m] Reached target Slices.
[[0;32m  OK  [0m] Listening on Journal Audit Socket.
[[0;32m  OK  [0m] Listening on Journal Socket (/dev/log).
         Starting Journal Service...
[[0;32m  OK  [0m] Listening on Device-mapper event daemon FIFOs.
[[0;32m  OK  [0m] Reached target System Time Synchronized.
         Mounting Huge Pages File System...
[[0;32m  OK  [0m] Listening on LVM2 metadata daemon socket.
         Starting Monitoring of LVM2 mirrors…ng dmeventd or progress polling...
         Mounting POSIX Message Queue File System...
         Starting Load Kernel Modules...
[[0;32m  OK  [0m] Listening on udev Control Socket.
         Starting udev Coldplug all Devices...
[[0;32m  OK  [0m] Started Journal Service.
[[0;32m  OK  [0m] Started Uncomplicated firewall.
[[0;32m  OK  [0m] Started Create list of required sta…vice nodes for the current kernel.
[[0;32m  OK  [0m] Started Set the console keyboard layout.
[[0;32m  OK  [0m] Started Remount Root and Kernel File Systems.
[[0;32m  OK  [0m] Mounted Kernel Debug File System.
[[0;32m  OK  [0m] Mounted Huge Pages File System.
[[0;32m  OK  [0m] Mounted POSI[   15.251733] Loading iSCSI transport class v2.0-870.
X Message Queue File System.
[[0;32m  OK  [0m] Started LVM2 metadata daemon.
         Starting Load/Save Random Seed...
         Starting Initial cloud-init job (pre-networking)...
         Starting Create Static Device Nodes in /dev...
         Starting Flush Journal to Persistent Storage...
[[0;32m  OK  [0m] Started udev[   15.347123] iscsi: registered transport (tcp)
 Coldplug all Devices.
[[0;32m  OK  [0m] Started Load/Save Random Seed.
[[0;32m  OK  [0m] Started Create Static Device Nodes in /dev.
         Starting udev Kernel Device Manager...
[   15.541199] systemd-journald[389]: Received request to flush runtime journal from PID 1
[[0;32m  OK  [0m] Started Monitoring of LVM2 mirrors,…sing dmeventd or progress polling.
[[0;32m  OK  [[   15.659900] iscsi: registered transport (iser)
0m] Reached target Local File Systems (Pre).
[[0;32m  OK  [0m] Reached target Local File Systems.
         Starting AppArmor initialization...
         Starting Set console font and keymap...
         Starting Tell Plymouth To Write Out Runtime Data...
         Starting ebtables ruleset management...
[[0;32m  OK  [0m] Started udev Kernel Device Manager.
[[0;32m  OK  [0m] Started Load Kernel Modules.
         Mounting Kernel Configuration File System...
         Mounting FUSE Control File System...
         Starting Apply Kernel Variables...
[[0;32m  OK  [0m] Started Dispatch Password Requests to Console Directory Watch.
[[0;32m  OK  [0m] Reached target Local Encrypted Volumes.
[[0;32m  OK  [0m] Mounted Kernel Configuration File System.
[[0;32m  OK  [0m] Mounted FUSE Control File System.
[[0;32m  OK  [0m] Started Set console font and keymap.
[[0;32m  OK  [0m] Started Tell Plymouth To Write Out Runtime Data.
[[0;32m  OK  [0m] Started Apply Kernel Variables.
[[0;32m  OK  [0m] Found device /dev/ttyS0.
[[0;32m  OK  [0m] Listening on Load/Save RF Kill Switch Status /dev/rfkill Watch.
[[0;32m  OK  [0m] Started Flush Journal to Persistent Storage.
         Starting Create Volatile Files and Directories...
[[0;32m  OK  [0m] Started ebtables ruleset management.
[[0;32m  OK  [0m] Started Create Volatile Files and Directories.
         Starting Update UTMP about System Boot/Shutdown...
[[0;32m  OK  [0m] Started Update UTMP about System Boot/Shutdown.
[[0;32m  OK  [0m] Started AppArmor initialization.
[   18.726060] cloud-init[399]: Cloud-init v. 18.4-0ubuntu1~18.04.1 running 'init-local' at Mon, 11 Feb 2019 15:16:10 +0000. Up 18.49 seconds.
[[0;32m  OK  [0m] Started Initial cloud-init job (pre-networking).
[[0;32m  OK  [0m] Reached target Network (Pre).
         Starting Network Service...
[[0;32m  OK  [0m] Started Network Service.
         Starting Network Name Resolution...
         Starting Wait for Network to be Configured...
[[0;32m  OK  [0m] Started Network Name Resolution.
[[0;32m  OK  [0m] Reached target Host and Network Name Lookups.
[[0;32m  OK  [0m] Reached target Network.
[[0;32m  OK  [0m] Started Wait for Network to be Configured.
         Starting Initial cloud-init job (metadata service crawler)...
[   21.174892] cloud-init[702]: Cloud-init v. 18.4-0ubuntu1~18.04.1 running 'init' at Mon, 11 Feb 2019 15:16:13 +0000. Up 21.06 seconds.
[   21.215077] cloud-init[702]: ci-info: ++++++++++++++++++++++++++++++++++++++Net device info+++++++++++++++++++++++++++++++++++++++
[   21.219091] cloud-init[702]: ci-info: +--------+------+-----------------------------+---------------+--------+-------------------+
[   21.240540] cloud-init[702]: ci-info: | Device |  Up  |           Address           |      Mask     | Scope  |     Hw-Address    |
[   21.291222] cloud-init[702]: ci-info: +--------+------+-----------------------------+---------------+--------+-------------------+
[   21.348340] cloud-init[702]: ci-info: | enp0s3 | True |          10.0.2.15          | 255.255.255.0 | global | 02:62:7a:79:f6:ca |
[   21.393210] cloud-init[702]: ci-info: | enp0s3 | True |  fe80::62:7aff:fe79:f6ca/64 |       .       |  link  | 02:62:7a:79:f6:ca |
[   21.429669] cloud-init[702]: ci-info: | enp0s8 | True |        192.168.33.10        | 255.255.255.0 | global | 08:00:27:87:a0:ae |
[   21.435364] cloud-init[702]: ci-info: | enp0s8 | True | fe80::a00:27ff:fe87:a0ae/64 |       .       |  link  | 08:00:27:87:a0:ae |
[   21.438426] cloud-init[702]: ci-info: |   lo   | True |          127.0.0.1          |   255.0.0.0   |  host  |         .         |
[   21.441663] cloud-init[702]: ci-info: |   lo   | True |           ::1/128           |       .       |  host  |         .         |
[   21.444883] cloud-init[702]: ci-info: +--------+------+-----------------------------+---------------+--------+-------------------+
[   21.448319] cloud-init[702]: ci-info: +++++++++++++++++++++++++++++Route IPv4 info+++++++++++++++++++++++++++++
[   21.459002] cloud-init[702]: ci-info: +-------+--------------+----------+-----------------+-----------+-------+
[[0;32m  OK  [0m] Started Initial cloud-init job (metadata service crawler).
[[0;32m  OK  [0m] Reached target System Initialization.
[   21.555781] cloud-init[702]: ci-info: | Route | Destination  | Gateway  |     Genmask     | Interface | Flags |
[[0;32m  OK  [0m] Started Daily Cleanup of Temporary Directories.
[   21.605300] cloud-init[702]: ci-info: +-------+--------------+----------+-----------------+-----------+-------+
[[0;32m  OK  [0m] Started Discard unused blocks once a week.
[   21.635482] cloud-init[702]: ci-info: |   0   |   0.0.0.0    | 10.0.2.2 |     0.0.0.0     |   enp0s3  |   UG  |
[[0;32m  OK  [0m] Started ACPI Events Check.
[[0;32m  OK  [0m] Listening on ACPID Listen Socket.
[   21.667036] cloud-init[702]: ci-info: |   1   |   10.0.2.0   | 0.0.0.0  |  255.255.255.0  |   enp0s3  |   U   |
         Starting Socket activation for snappy daemon.
[   21.698139] cloud-init[702]: ci-info: |   2   |   10.0.2.2   | 0.0.0.0  | 255.255.255.255 |   enp0s3  |   UH  |
[[0;32m  OK  [0m] Reached target Paths.
[   21.702599] cloud-init[702]: ci-info: |   3   | 192.168.33.0 | 0.0.0.0  |  255.255.255.0  |   enp0s8  |   U   |[[0;32m  OK  [0m] Listening on Open-iSCSI iscsid Socket.

         Starting LXD - unix socket.
[   21.732055] cloud-init[702]: ci-info: +-------+--------------+----------+-----------------+-----------+-------+
[   21.758913] [[0;32m  OK  [0m] Listening on D-Bus System Message Bus Socket.
[[0;32m  OK  [0m] Listening on UUID daemon activation socket.
[[0;32m  OK  [0m] Started Message of the Day.
[[0;32m  OK  [0m] Started Daily apt download activities.
[[0;32m  OK  [0m] Started Daily apt upgrade and clean activities.
[[0;32m  OK  [0m] Reached target Timers.
[[0;32m  OK  [0m] Reached target Network is Online.
cloud-init[702]: ci-info: +++++++++++++++++++Route IPv6 info+++++++++++++++++++
[   21.820657] cloud-init[702]: ci-info: +-------+-------------+---------+-----------+-------+
[[0;32m  OK  [0m] Reached target Remote File Systems (Pre).
[   21.826379] cloud-init[702]: ci-info: | Route | Destination | Gateway | Interface | Flags |
[   21.838393] cloud-init[[0;32m  OK  [0m] Reached target Remote File Systems.
[702]: ci-info: +-------+-------------+---------+-----------+-------+
         Starting Availability of block devices...
[[0;32m  OK  [0m] Reached target Cloud-config availability.
[[0;32m  OK  [0m] Listening on Socket activation for snappy daemon.
[[0;32m  OK  [0m] Listening on LXD - unix socket.[   21.859187] cloud-init[702]: ci-info: |   1   |  fe80::/64  |    ::   |   enp0s8  |   U   |
[   21.880995] cloud-init[702]: ci-info: |   2   |  fe80::/64  |    ::   |   enp0s3  |   U   |
[   21.881119] cloud-init[702]: ci-info: |   4   |    local    |    ::   |   enp0s3  |   U   |
[   21.881215] cloud-init[702]: ci-info: |   5   |    local    |    ::   |   enp0s8  |   U   |
[   21.881268] cloud-init[702]: ci-info: |   6   |   ff00::/8  |    ::   |   enp0s8  |   U   |
[   21.881298] cloud-init[702]: ci-info: |   7   |   ff00::/8  |    ::   |   enp0s3  |   U   |
[   21.881335] cloud-init[702]: ci-info: +-------+-------------+---------+-----------+-------+

[[0;32m  OK  [0m] Started Availability of block devices.
[[0;32m  OK  [0m] Reached target Sockets.
[[0;32m  OK  [0m] Reached target Basic System.
         Starting System Logging Service...
[[0;32m  OK  [0m] Started D-Bus System Message Bus.
         Starting vboxadd.service...
         Starting Login Service...
[[0;32m  OK  [0m] Started FUSE filesystem for LXC.
         Starting Dispatcher daemon for systemd-networkd...
[[0;32m  OK  [0m] Started Regular background program processing daemon.
         Starting LSB: Record successful boot for GRUB...
         Starting LXD - container startup/shutdown...
         Starting Permit User Sessions...
         Starting OpenBSD Secure Shell server...
         Starting LSB: automatic crash report generation...
[[0;32m  OK  [0m] Started Deferred execution scheduler.
[[0;32m  OK  [0m] Started irqbalance daemon.
         Starting Accounts Service...
         Starting Snappy daemon...
[[0;32m  OK  [0m] Started System Logging Service.
[[0;32m  OK  [0m] Started Permit User Sessions.
[[0;32m  OK  [0m] Started Login Service.
[[0;32m  OK  [0m] Started Unattended Upgrades Shutdown.
         Starting Hold until boot process finishes up...
         Starting Terminate Plymouth Boot Screen...
[[0;32m  OK  [0m] Started OpenBSD Secure Shell server.
[[0;32m  OK  [0m] Started Hold until boot process finishes up.
[[0;32m  OK  [0m] Started Terminate Plymouth Boot Screen.
[[0;32m  OK  [0m] Started Serial Getty on ttyS0.
         Starting Set console scheme...
         Starting Authorization Manager...
[[0;32m  OK  [0m] Started LSB: Record successful boot for GRUB.
[[0;32m  OK  [0m] Started Set console scheme.
[[0;32m  OK  [0m] Started LSB: automatic crash report generation.
[[0;32m  OK  [0m] Created slice system-getty.slice.
[[0;32m  OK  [0m] Started Getty on tty1.
[[0;32m  OK  [0m] Reached target Login Prompts.
[[0;32m  OK  [0m] Started Authorization Manager.
[[0;32m  OK  [0m] Started Accounts Service.
[[0;32m  OK  [0m] Started LXD - container startup/shutdown.
[[0;32m  OK  [0m] Created slice User Slice of vagrant.
[[0;32m  OK  [0m] Started Snappy daemon.
[[0;32m  OK  [0m] Started Session 1 of user vagrant.
         Starting Wait until snapd is fully seeded...
         Starting User Manager for UID 1000...
[[0;32m  OK  [0m] Started Wait until snapd is fully seeded.
         Starting Apply the settings specified in cloud-config...
[[0;32m  OK  [0m] Started vboxadd.service.
         Starting vboxadd-service.service...
[[0;32m  OK  [0m] Started Dispatcher daemon for systemd-networkd.
[[0;32m  OK  [0m] Started vboxadd-service.service.
[[0;32m  OK  [0m] Started User Manager for UID 1000.
[[0;32m  OK  [0m] Reached target Multi-User System.
[[0;32m  OK  [0m] Reached target Graphical Interface.
         Starting Update UTMP about System Runlevel Changes...
[[0;32m  OK  [0m] Started Update UTMP about System Runlevel Changes.
[   23.470040] cloud-init[1103]: Cloud-init v. 18.4-0ubuntu1~18.04.1 running 'modules:config' at Mon, 11 Feb 2019 15:16:15 +0000. Up 23.34 seconds.
[[0;32m  OK  [0m] Started Apply the settings specified in cloud-config.
         Starting Execute cloud user/final scripts...
[   24.134245] cloud-init[1244]: Cloud-init v. 18.4-0ubuntu1~18.04.1 running 'modules:final' at Mon, 11 Feb 2019 15:16:16 +0000. Up 23.85 seconds.
[   24.137276] cloud-init[1244]: Cloud-init v. 18.4-0ubuntu1~18.04.1 finished at Mon, 11 Feb 2019 15:16:16 +0000. Datasource DataSourceNoCloud [seed=/dev/sdb][dsmode=net].  Up 24.12 seconds
[[0;32m  OK  [0m] Started Execute cloud user/final scripts.
[[0;32m  OK  [0m] Reached target Cloud-init target.

Ubuntu 18.04.1 LTS ubuntu-bionic ttyS0

ubuntu-bionic login: 